<?xml version="1.0" encoding="UTF-8"?>
<!-- Generated by org.testng.reporters.JUnitReportReporter -->
<testsuite skipped="0" hostname="Bichu" name="com.supermarket.tests.ManageDeliveryBoyTest" tests="1" failures="0" timestamp="2022-11-30T19:47:22 IST" time="6.830" errors="0">
  <testcase name="verifySearchUsingName" time="6.830" classname="com.supermarket.tests.ManageDeliveryBoyTest"/>
  <system-out/>
</testsuite> <!-- com.supermarket.tests.ManageDeliveryBoyTest -->
