<?xml version="1.0" encoding="UTF-8"?>
<!-- Generated by org.testng.reporters.JUnitReportReporter -->
<testsuite skipped="0" hostname="Bichu" name="com.supermarket.tests.ManagePagesTest" tests="1" failures="0" timestamp="2022-11-30T16:22:53 IST" time="9.218" errors="0">
  <testcase name="verifyAddPages" time="9.218" classname="com.supermarket.tests.ManagePagesTest"/>
  <system-out/>
</testsuite> <!-- com.supermarket.tests.ManagePagesTest -->
