<?xml version="1.0" encoding="UTF-8"?>
<!-- Generated by org.testng.reporters.JUnitReportReporter -->
<testsuite hostname="Bichu" failures="0" tests="1" name="com.supermarket.tests.Manage_ExpenseTest" time="6.786" errors="0" timestamp="2022-11-29T18:52:33 IST" skipped="0">
  <testcase classname="com.supermarket.tests.Manage_ExpenseTest" name="verifySearchFunctionality" time="6.786"/>
  <system-out/>
</testsuite> <!-- com.supermarket.tests.Manage_ExpenseTest -->
