<?xml version="1.0" encoding="UTF-8"?>
<!-- Generated by org.testng.reporters.JUnitReportReporter -->
<testsuite hostname="Bichu" failures="0" tests="1" name="com.supermarket.tests.PushNotificationTest" time="8.360" errors="0" timestamp="2022-11-28T21:37:30 IST" skipped="0">
  <testcase classname="com.supermarket.tests.PushNotificationTest" name="verify_clear_DescriptionField_UsingResetButton_functionality" time="8.360"/>
  <system-out/>
</testsuite> <!-- com.supermarket.tests.PushNotificationTest -->
