<?xml version="1.0" encoding="UTF-8"?>
<!-- Generated by org.testng.reporters.JUnitReportReporter -->
<testsuite hostname="Bichu" failures="0" tests="2" name="com.supermarket.tests.LoginTest" time="12.910" errors="0" timestamp="2022-11-28T20:23:58 IST" skipped="0">
  <testcase classname="com.supermarket.tests.LoginTest" name="VerifyRememberMeCheckBoxText" time="6.711"/>
  <system-out/>
  <testcase classname="com.supermarket.tests.LoginTest" name="verifyStafLoginFunctionality" time="6.199"/>
  <system-out/>
</testsuite> <!-- com.supermarket.tests.LoginTest -->
