<?xml version="1.0" encoding="UTF-8"?>
<!-- Generated by org.testng.reporters.JUnitReportReporter -->
<testsuite skipped="0" hostname="Bichu" name="com.supermarket.tests.ManageSliderTest" tests="1" failures="0" timestamp="2022-11-30T13:28:14 IST" time="10.539" errors="0">
  <testcase name="verifyAddSliderNewFunctionality" time="10.539" classname="com.supermarket.tests.ManageSliderTest"/>
  <system-out/>
</testsuite> <!-- com.supermarket.tests.ManageSliderTest -->
