<?xml version="1.0" encoding="UTF-8"?>
<!-- Generated by org.testng.reporters.JUnitReportReporter -->
<testsuite hostname="Bichu" failures="0" tests="1" name="com.supermarket.tests.AdminUserstest" time="6.726" errors="0" timestamp="2022-11-27T09:43:47 IST" skipped="0">
  <testcase classname="com.supermarket.tests.AdminUserstest" name="verifyDeleteUser" time="6.726"/>
  <system-out/>
</testsuite> <!-- com.supermarket.tests.AdminUserstest -->
