<?xml version="1.0" encoding="UTF-8"?>
<!-- Generated by org.testng.reporters.JUnitReportReporter -->
<testsuite skipped="0" hostname="Bichu" name="com.supermarket.tests.Home_PageTests" tests="1" failures="0" timestamp="2022-11-30T11:00:58 IST" time="6.687" errors="0">
  <testcase name="verifyClickonVerifyUsers" time="6.687" classname="com.supermarket.tests.Home_PageTests"/>
  <system-out/>
</testsuite> <!-- com.supermarket.tests.Home_PageTests -->
